<?xml version="1.0" encoding="UTF-8"?>
<!-- Generated by org.testng.reporters.JUnitXMLReporter -->
<testsuite ignored="0" hostname="DESKTOP-F19DPLC" failures="1" tests="5" name="Cucumber Test" time="88.781" errors="0" timestamp="2022-12-14T16:59:20 EST">
  <testcase classname="io.cucumber.testng.AbstractTestNGCucumberTests" name="runScenario" time="4.078"/>
  <testcase classname="io.cucumber.testng.AbstractTestNGCucumberTests" name="runScenario" time="22.721">
    <failure type="java.lang.AssertionError" message="expected [true] but found [false]">
      <![CDATA[java.lang.AssertionError: expected [true] but found [false]
at commonUtilities.GenericMethods.clickElement(GenericMethods.java:27)
at pages.HomePage.clickOnModuleLink(HomePage.java:36)
at stepdefinitions.Home_Stepdef.thenUserClickOnBestSellersLink(Home_Stepdef.java:41)
at ✽.user click on "New Release" link(file:///C:/Users/yunus/eclipse-AutomationProject/AutomationProject/src/test/java/features/login.feature:29)
... Removed 4 stack frames]]>
    </failure>
  </testcase> <!-- runScenario -->
  <testcase classname="io.cucumber.testng.AbstractTestNGCucumberTests" name="runScenario" time="23.437"/>
  <testcase classname="io.cucumber.testng.AbstractTestNGCucumberTests" name="runScenario" time="21.189"/>
  <testcase classname="io.cucumber.testng.AbstractTestNGCucumberTests" name="runScenario" time="17.106"/>
</testsuite> <!-- Cucumber Test -->
