<?xml version="1.0" encoding="UTF-8"?>
<testng-results ignored="0" total="5" passed="5" failed="0" skipped="0">
  <reporter-output>
  </reporter-output>
  <suite started-at="2022-12-19T14:02:36 EST" name="Suite" finished-at="2022-12-19T14:03:29 EST" duration-ms="53203">
    <groups>
      <group name="cucumber">
        <method signature="AbstractTestNGCucumberTests.runScenario(io.cucumber.testng.PickleWrapper, io.cucumber.testng.FeatureWrapper)[pri:0, instance:runners.CucumberRunnerRegression@1613674b]" name="runScenario" class="io.cucumber.testng.AbstractTestNGCucumberTests"/>
      </group> <!-- cucumber -->
    </groups>
    <test started-at="2022-12-19T14:02:36 EST" name="Cucumber Test" finished-at="2022-12-19T14:03:29 EST" duration-ms="53203">
      <class name="runners.CucumberRunnerRegression">
        <test-method is-config="true" signature="setUpClass()[pri:0, instance:runners.CucumberRunnerRegression@1613674b]" started-at="2022-12-19T14:02:36 EST" name="setUpClass" finished-at="2022-12-19T14:02:36 EST" duration-ms="218" status="PASS">
          <reporter-output>
          </reporter-output>
        </test-method> <!-- setUpClass -->
        <test-method signature="runScenario(io.cucumber.testng.PickleWrapper, io.cucumber.testng.FeatureWrapper)[pri:0, instance:runners.CucumberRunnerRegression@1613674b]" started-at="2022-12-19T14:02:36 EST" name="runScenario" description="Runs Cucumber Scenarios" data-provider="scenarios" finished-at="2022-12-19T14:02:40 EST" duration-ms="4145" status="PASS">
          <params>
            <param index="0">
              <value>
                <![CDATA["Navigate to "Best Sellers" module"]]>
              </value>
            </param>
            <param index="1">
              <value>
                <![CDATA["Optional[Navigate to Application and login]"]]>
              </value>
            </param>
          </params>
          <reporter-output>
          </reporter-output>
        </test-method> <!-- runScenario -->
        <test-method signature="runScenario(io.cucumber.testng.PickleWrapper, io.cucumber.testng.FeatureWrapper)[pri:0, instance:runners.CucumberRunnerRegression@1613674b]" started-at="2022-12-19T14:02:40 EST" name="runScenario" description="Runs Cucumber Scenarios" data-provider="scenarios" finished-at="2022-12-19T14:02:43 EST" duration-ms="2919" status="PASS">
          <params>
            <param index="0">
              <value>
                <![CDATA["Navigate to "New Releases" module"]]>
              </value>
            </param>
            <param index="1">
              <value>
                <![CDATA["Optional[Navigate to Application and login]"]]>
              </value>
            </param>
          </params>
          <reporter-output>
          </reporter-output>
        </test-method> <!-- runScenario -->
        <test-method signature="runScenario(io.cucumber.testng.PickleWrapper, io.cucumber.testng.FeatureWrapper)[pri:0, instance:runners.CucumberRunnerRegression@1613674b]" started-at="2022-12-19T14:02:43 EST" name="runScenario" description="Runs Cucumber Scenarios" data-provider="scenarios" finished-at="2022-12-19T14:03:07 EST" duration-ms="23906" status="PASS">
          <params>
            <param index="0">
              <value>
                <![CDATA["User login with valid credentials"]]>
              </value>
            </param>
            <param index="1">
              <value>
                <![CDATA["Optional[Navigate to Application and login]"]]>
              </value>
            </param>
          </params>
          <reporter-output>
          </reporter-output>
        </test-method> <!-- runScenario -->
        <test-method signature="runScenario(io.cucumber.testng.PickleWrapper, io.cucumber.testng.FeatureWrapper)[pri:0, instance:runners.CucumberRunnerRegression@1613674b]" started-at="2022-12-19T14:03:07 EST" name="runScenario" description="Runs Cucumber Scenarios" data-provider="scenarios" finished-at="2022-12-19T14:03:28 EST" duration-ms="20900" status="PASS">
          <params>
            <param index="0">
              <value>
                <![CDATA["test"]]>
              </value>
            </param>
            <param index="1">
              <value>
                <![CDATA["Optional[Navigate to Application and login]"]]>
              </value>
            </param>
          </params>
          <reporter-output>
          </reporter-output>
        </test-method> <!-- runScenario -->
        <test-method signature="runScenario(io.cucumber.testng.PickleWrapper, io.cucumber.testng.FeatureWrapper)[pri:0, instance:runners.CucumberRunnerRegression@1613674b]" started-at="2022-12-19T14:03:28 EST" name="runScenario" description="Runs Cucumber Scenarios" data-provider="scenarios" finished-at="2022-12-19T14:03:29 EST" duration-ms="1090" status="PASS">
          <params>
            <param index="0">
              <value>
                <![CDATA["teardown"]]>
              </value>
            </param>
            <param index="1">
              <value>
                <![CDATA["Optional[Navigate to Application and login]"]]>
              </value>
            </param>
          </params>
          <reporter-output>
          </reporter-output>
        </test-method> <!-- runScenario -->
        <test-method is-config="true" signature="tearDownClass()[pri:0, instance:runners.CucumberRunnerRegression@1613674b]" started-at="2022-12-19T14:03:29 EST" name="tearDownClass" finished-at="2022-12-19T14:03:29 EST" duration-ms="5" status="PASS">
          <reporter-output>
          </reporter-output>
        </test-method> <!-- tearDownClass -->
      </class> <!-- runners.CucumberRunnerRegression -->
    </test> <!-- Cucumber Test -->
  </suite> <!-- Suite -->
</testng-results>
