<?xml version="1.0" encoding="UTF-8"?>
<testng-results skipped="0" failed="1" ignored="0" total="3" passed="2">
  <reporter-output>
  </reporter-output>
  <suite name="Suite" duration-ms="64697" started-at="2022-12-18T23:09:46 EST" finished-at="2022-12-18T23:10:50 EST">
    <groups>
      <group name="cucumber">
        <method signature="AbstractTestNGCucumberTests.runScenario(io.cucumber.testng.PickleWrapper, io.cucumber.testng.FeatureWrapper)[pri:0, instance:runners.CucumberRunnerLogin@4232c52b]" name="runScenario" class="io.cucumber.testng.AbstractTestNGCucumberTests"/>
      </group> <!-- cucumber -->
    </groups>
    <test name="Cucumber Test" duration-ms="64697" started-at="2022-12-18T23:09:46 EST" finished-at="2022-12-18T23:10:50 EST">
      <class name="runners.CucumberRunnerLogin">
        <test-method status="PASS" signature="setUpClass()[pri:0, instance:runners.CucumberRunnerLogin@4232c52b]" name="setUpClass" is-config="true" duration-ms="245" started-at="2022-12-18T23:09:46 EST" finished-at="2022-12-18T23:09:46 EST">
          <reporter-output>
          </reporter-output>
        </test-method> <!-- setUpClass -->
        <test-method status="PASS" signature="runScenario(io.cucumber.testng.PickleWrapper, io.cucumber.testng.FeatureWrapper)[pri:0, instance:runners.CucumberRunnerLogin@4232c52b]" name="runScenario" duration-ms="26181" started-at="2022-12-18T23:09:46 EST" description="Runs Cucumber Scenarios" data-provider="scenarios" finished-at="2022-12-18T23:10:12 EST">
          <params>
            <param index="0">
              <value>
                <![CDATA["User login with valid credentials"]]>
              </value>
            </param>
            <param index="1">
              <value>
                <![CDATA["Optional[Navigate to Application and login]"]]>
              </value>
            </param>
          </params>
          <reporter-output>
          </reporter-output>
        </test-method> <!-- runScenario -->
        <test-method status="FAIL" signature="runScenario(io.cucumber.testng.PickleWrapper, io.cucumber.testng.FeatureWrapper)[pri:0, instance:runners.CucumberRunnerLogin@4232c52b]" name="runScenario" duration-ms="20940" started-at="2022-12-18T23:10:12 EST" description="Runs Cucumber Scenarios" data-provider="scenarios" finished-at="2022-12-18T23:10:33 EST">
          <params>
            <param index="0">
              <value>
                <![CDATA["test"]]>
              </value>
            </param>
            <param index="1">
              <value>
                <![CDATA["Optional[Navigate to Application and login]"]]>
              </value>
            </param>
          </params>
          <exception class="org.openqa.selenium.NoSuchElementException">
            <message>
              <![CDATA[no such element: Unable to locate element: {"method":"xpath","selector":"//span[@id='nav-link-accountList-nav-line-1' and text()='Hello, sign in']"}
  (Session info: chrome=108.0.5359.125)
For documentation on this error, please visit: https://www.seleniumhq.org/exceptions/no_such_element.html
Build info: version: '3.141.59', revision: 'e82be7d358', time: '2018-11-14T08:17:03'
System info: host: 'DESKTOP-F19DPLC', ip: '192.168.1.7', os.name: 'Windows 10', os.arch: 'amd64', os.version: '10.0', java.version: '1.8.0_333'
Driver info: org.openqa.selenium.chrome.ChromeDriver
Capabilities {acceptInsecureCerts: false, browserName: chrome, browserVersion: 108.0.5359.125, chrome: {chromedriverVersion: 108.0.5359.71 (1e0e3868ee06..., userDataDir: C:\Users\yunus\AppData\Loca...}, goog:chromeOptions: {debuggerAddress: localhost:59479}, javascriptEnabled: true, networkConnectionEnabled: false, pageLoadStrategy: normal, platform: WINDOWS, platformName: WINDOWS, proxy: Proxy(), setWindowRect: true, strictFileInteractability: false, timeouts: {implicit: 0, pageLoad: 300000, script: 30000}, unhandledPromptBehavior: dismiss and notify, webauthn:extension:credBlob: true, webauthn:extension:largeBlob: true, webauthn:virtualAuthenticators: true}
Session ID: 4097d0b0c67b712c819c8179db0148db
*** Element info: {Using=xpath, value=//span[@id='nav-link-accountList-nav-line-1' and text()='Hello, sign in']}]]>
            </message>
            <full-stacktrace>
              <![CDATA[org.openqa.selenium.NoSuchElementException: no such element: Unable to locate element: {"method":"xpath","selector":"//span[@id='nav-link-accountList-nav-line-1' and text()='Hello, sign in']"}
  (Session info: chrome=108.0.5359.125)
For documentation on this error, please visit: https://www.seleniumhq.org/exceptions/no_such_element.html
Build info: version: '3.141.59', revision: 'e82be7d358', time: '2018-11-14T08:17:03'
System info: host: 'DESKTOP-F19DPLC', ip: '192.168.1.7', os.name: 'Windows 10', os.arch: 'amd64', os.version: '10.0', java.version: '1.8.0_333'
Driver info: org.openqa.selenium.chrome.ChromeDriver
Capabilities {acceptInsecureCerts: false, browserName: chrome, browserVersion: 108.0.5359.125, chrome: {chromedriverVersion: 108.0.5359.71 (1e0e3868ee06..., userDataDir: C:\Users\yunus\AppData\Loca...}, goog:chromeOptions: {debuggerAddress: localhost:59479}, javascriptEnabled: true, networkConnectionEnabled: false, pageLoadStrategy: normal, platform: WINDOWS, platformName: WINDOWS, proxy: Proxy(), setWindowRect: true, strictFileInteractability: false, timeouts: {implicit: 0, pageLoad: 300000, script: 30000}, unhandledPromptBehavior: dismiss and notify, webauthn:extension:credBlob: true, webauthn:extension:largeBlob: true, webauthn:virtualAuthenticators: true}
Session ID: 4097d0b0c67b712c819c8179db0148db
*** Element info: {Using=xpath, value=//span[@id='nav-link-accountList-nav-line-1' and text()='Hello, sign in']}
at sun.reflect.NativeConstructorAccessorImpl.newInstance0(Native Method)
at sun.reflect.NativeConstructorAccessorImpl.newInstance(NativeConstructorAccessorImpl.java:62)
at sun.reflect.DelegatingConstructorAccessorImpl.newInstance(DelegatingConstructorAccessorImpl.java:45)
at java.lang.reflect.Constructor.newInstance(Constructor.java:423)
at org.openqa.selenium.remote.http.W3CHttpResponseCodec.createException(W3CHttpResponseCodec.java:187)
at org.openqa.selenium.remote.http.W3CHttpResponseCodec.decode(W3CHttpResponseCodec.java:122)
at org.openqa.selenium.remote.http.W3CHttpResponseCodec.decode(W3CHttpResponseCodec.java:49)
at org.openqa.selenium.remote.HttpCommandExecutor.execute(HttpCommandExecutor.java:158)
at org.openqa.selenium.remote.service.DriverCommandExecutor.execute(DriverCommandExecutor.java:83)
at org.openqa.selenium.remote.RemoteWebDriver.execute(RemoteWebDriver.java:552)
at org.openqa.selenium.remote.RemoteWebDriver.findElement(RemoteWebDriver.java:323)
at org.openqa.selenium.remote.RemoteWebDriver.findElementByXPath(RemoteWebDriver.java:428)
at org.openqa.selenium.By$ByXPath.findElement(By.java:353)
at org.openqa.selenium.remote.RemoteWebDriver.findElement(RemoteWebDriver.java:315)
at commonUtilities.GenericMethods.isDisplayed(GenericMethods.java:108)
at pages.LoginPage.loginWithValidCredentials(LoginPage.java:31)
at stepdefinitions.Login_Stepdef.userLoggedInWithValidCredentials(Login_Stepdef.java:29)
at ✽.user logged in with valid credentials(file:///C:/Users/yunus/eclipse-AutomationProject/AutomationProject/src/test/java/features/login.feature:42)
]]>
            </full-stacktrace>
          </exception> <!-- org.openqa.selenium.NoSuchElementException -->
          <reporter-output>
          </reporter-output>
        </test-method> <!-- runScenario -->
        <test-method status="PASS" signature="runScenario(io.cucumber.testng.PickleWrapper, io.cucumber.testng.FeatureWrapper)[pri:0, instance:runners.CucumberRunnerLogin@4232c52b]" name="runScenario" duration-ms="17302" started-at="2022-12-18T23:10:33 EST" description="Runs Cucumber Scenarios" data-provider="scenarios" finished-at="2022-12-18T23:10:50 EST">
          <params>
            <param index="0">
              <value>
                <![CDATA["teardown"]]>
              </value>
            </param>
            <param index="1">
              <value>
                <![CDATA["Optional[Navigate to Application and login]"]]>
              </value>
            </param>
          </params>
          <reporter-output>
          </reporter-output>
        </test-method> <!-- runScenario -->
        <test-method status="PASS" signature="tearDownClass()[pri:0, instance:runners.CucumberRunnerLogin@4232c52b]" name="tearDownClass" is-config="true" duration-ms="6" started-at="2022-12-18T23:10:50 EST" finished-at="2022-12-18T23:10:50 EST">
          <reporter-output>
          </reporter-output>
        </test-method> <!-- tearDownClass -->
      </class> <!-- runners.CucumberRunnerLogin -->
    </test> <!-- Cucumber Test -->
  </suite> <!-- Suite -->
</testng-results>
