<?xml version="1.0" encoding="UTF-8"?>
<testsuite xmlns:xsi="http://www.w3.org/2001/XMLSchema-instance" xsi:noNamespaceSchemaLocation="https://maven.apache.org/surefire/maven-surefire-plugin/xsd/surefire-test-report-3.0.xsd" version="3.0" name="TestSuite" time="65.024" tests="3" errors="0" skipped="0" failures="1">
  <properties>
[...]
</properties>
  <testcase name="runScenario[&quot;User login with valid credentials&quot;, &quot;Optional[Navigate to Application and login]&quot;](1)" classname="runners.CucumberRunnerLogin" time="26.183">
    <system-out><![CDATA[
@Regression @login
Scenario: User login with valid credentials        # src/test/java/features/login.feature:36
HOOKS WORK
User login with valid credentials
Edge
  Given user launched browser and navigated to url # stepdefinitions.Home_Stepdef.userLaunchedBrowser()
  Given user connected to database                 # stepdefinitions.Login_Stepdef.connectToDatabase()
email: testemail4112@gmail.com
password: testpass33
  Given user logged in with valid credentials      # stepdefinitions.Login_Stepdef.userLoggedInWithValidCredentials()
]]></system-out>
    <system-err><![CDATA[Starting ChromeDriver 108.0.5359.71 (1e0e3868ee06e91ad636a874420e3ca3ae3756ac-refs/branch-heads/5359@{#1016}) on port 5270
Only local connections are allowed.
Please see https://chromedriver.chromium.org/security-considerations for suggestions on keeping ChromeDriver safe.
ChromeDriver was started successfully.
Dec 18, 2022 11:09:47 PM org.openqa.selenium.remote.ProtocolHandshake createSession
INFO: Detected dialect: W3C
]]></system-err>
  </testcase>
  <testcase name="runScenario[&quot;test&quot;, &quot;Optional[Navigate to Application and login]&quot;](2)" classname="runners.CucumberRunnerLogin" time="20.946">
    <failure message="no such element: Unable to locate element: {&quot;method&quot;:&quot;xpath&quot;,&quot;selector&quot;:&quot;//span[@id=&apos;nav-link-accountList-nav-line-1&apos; and text()=&apos;Hello, sign in&apos;]&quot;}&#10;  (Session info: chrome=108.0.5359.125)&#10;For documentation on this error, please visit: https://www.seleniumhq.org/exceptions/no_such_element.html&#10;Build info: version: &apos;3.141.59&apos;, revision: &apos;e82be7d358&apos;, time: &apos;2018-11-14T08:17:03&apos;&#10;System info: host: &apos;DESKTOP-F19DPLC&apos;, ip: &apos;192.168.1.7&apos;, os.name: &apos;Windows 10&apos;, os.arch: &apos;amd64&apos;, os.version: &apos;10.0&apos;, java.version: &apos;1.8.0_333&apos;&#10;Driver info: org.openqa.selenium.chrome.ChromeDriver&#10;Capabilities {acceptInsecureCerts: false, browserName: chrome, browserVersion: 108.0.5359.125, chrome: {chromedriverVersion: 108.0.5359.71 (1e0e3868ee06..., userDataDir: C:\Users\yunus\AppData\Loca...}, goog:chromeOptions: {debuggerAddress: localhost:59479}, javascriptEnabled: true, networkConnectionEnabled: false, pageLoadStrategy: normal, platform: WINDOWS, platformName: WINDOWS, proxy: Proxy(), setWindowRect: true, strictFileInteractability: false, timeouts: {implicit: 0, pageLoad: 300000, script: 30000}, unhandledPromptBehavior: dismiss and notify, webauthn:extension:credBlob: true, webauthn:extension:largeBlob: true, webauthn:virtualAuthenticators: true}&#10;Session ID: 4097d0b0c67b712c819c8179db0148db&#10;*** Element info: {Using=xpath, value=//span[@id=&apos;nav-link-accountList-nav-line-1&apos; and text()=&apos;Hello, sign in&apos;]}" type="org.openqa.selenium.NoSuchElementException"><![CDATA[org.openqa.selenium.NoSuchElementException: 
no such element: Unable to locate element: {"method":"xpath","selector":"//span[@id='nav-link-accountList-nav-line-1' and text()='Hello, sign in']"}
  (Session info: chrome=108.0.5359.125)
For documentation on this error, please visit: https://www.seleniumhq.org/exceptions/no_such_element.html
Build info: version: '3.141.59', revision: 'e82be7d358', time: '2018-11-14T08:17:03'
System info: host: 'DESKTOP-F19DPLC', ip: '192.168.1.7', os.name: 'Windows 10', os.arch: 'amd64', os.version: '10.0', java.version: '1.8.0_333'
Driver info: org.openqa.selenium.chrome.ChromeDriver
Capabilities {acceptInsecureCerts: false, browserName: chrome, browserVersion: 108.0.5359.125, chrome: {chromedriverVersion: 108.0.5359.71 (1e0e3868ee06..., userDataDir: C:\Users\yunus\AppData\Loca...}, goog:chromeOptions: {debuggerAddress: localhost:59479}, javascriptEnabled: true, networkConnectionEnabled: false, pageLoadStrategy: normal, platform: WINDOWS, platformName: WINDOWS, proxy: Proxy(), setWindowRect: true, strictFileInteractability: false, timeouts: {implicit: 0, pageLoad: 300000, script: 30000}, unhandledPromptBehavior: dismiss and notify, webauthn:extension:credBlob: true, webauthn:extension:largeBlob: true, webauthn:virtualAuthenticators: true}
Session ID: 4097d0b0c67b712c819c8179db0148db
*** Element info: {Using=xpath, value=//span[@id='nav-link-accountList-nav-line-1' and text()='Hello, sign in']}
	at sun.reflect.NativeConstructorAccessorImpl.newInstance0(Native Method)
	at sun.reflect.NativeConstructorAccessorImpl.newInstance(NativeConstructorAccessorImpl.java:62)
	at sun.reflect.DelegatingConstructorAccessorImpl.newInstance(DelegatingConstructorAccessorImpl.java:45)
	at java.lang.reflect.Constructor.newInstance(Constructor.java:423)
	at org.openqa.selenium.remote.http.W3CHttpResponseCodec.createException(W3CHttpResponseCodec.java:187)
	at org.openqa.selenium.remote.http.W3CHttpResponseCodec.decode(W3CHttpResponseCodec.java:122)
	at org.openqa.selenium.remote.http.W3CHttpResponseCodec.decode(W3CHttpResponseCodec.java:49)
	at org.openqa.selenium.remote.HttpCommandExecutor.execute(HttpCommandExecutor.java:158)
	at org.openqa.selenium.remote.service.DriverCommandExecutor.execute(DriverCommandExecutor.java:83)
	at org.openqa.selenium.remote.RemoteWebDriver.execute(RemoteWebDriver.java:552)
	at org.openqa.selenium.remote.RemoteWebDriver.findElement(RemoteWebDriver.java:323)
	at org.openqa.selenium.remote.RemoteWebDriver.findElementByXPath(RemoteWebDriver.java:428)
	at org.openqa.selenium.By$ByXPath.findElement(By.java:353)
	at org.openqa.selenium.remote.RemoteWebDriver.findElement(RemoteWebDriver.java:315)
	at commonUtilities.GenericMethods.isDisplayed(GenericMethods.java:108)
	at pages.LoginPage.loginWithValidCredentials(LoginPage.java:31)
	at stepdefinitions.Login_Stepdef.userLoggedInWithValidCredentials(Login_Stepdef.java:29)
	at ✽.user logged in with valid credentials(file:///C:/Users/yunus/eclipse-AutomationProject/AutomationProject/src/test/java/features/login.feature:42)
]]></failure>
    <system-out><![CDATA[
@Regression @login
Scenario: test                                     # src/test/java/features/login.feature:41
HOOKS WORK
test
  Given user launched browser and navigated to url # stepdefinitions.Home_Stepdef.userLaunchedBrowser()
  Given user logged in with valid credentials      # stepdefinitions.Login_Stepdef.userLoggedInWithValidCredentials()
      org.openqa.selenium.NoSuchElementException: no such element: Unable to locate element: {"method":"xpath","selector":"//span[@id='nav-link-accountList-nav-line-1' and text()='Hello, sign in']"}
  (Session info: chrome=108.0.5359.125)
For documentation on this error, please visit: https://www.seleniumhq.org/exceptions/no_such_element.html
Build info: version: '3.141.59', revision: 'e82be7d358', time: '2018-11-14T08:17:03'
System info: host: 'DESKTOP-F19DPLC', ip: '192.168.1.7', os.name: 'Windows 10', os.arch: 'amd64', os.version: '10.0', java.version: '1.8.0_333'
Driver info: org.openqa.selenium.chrome.ChromeDriver
Capabilities {acceptInsecureCerts: false, browserName: chrome, browserVersion: 108.0.5359.125, chrome: {chromedriverVersion: 108.0.5359.71 (1e0e3868ee06..., userDataDir: C:\Users\yunus\AppData\Loca...}, goog:chromeOptions: {debuggerAddress: localhost:59479}, javascriptEnabled: true, networkConnectionEnabled: false, pageLoadStrategy: normal, platform: WINDOWS, platformName: WINDOWS, proxy: Proxy(), setWindowRect: true, strictFileInteractability: false, timeouts: {implicit: 0, pageLoad: 300000, script: 30000}, unhandledPromptBehavior: dismiss and notify, webauthn:extension:credBlob: true, webauthn:extension:largeBlob: true, webauthn:virtualAuthenticators: true}
Session ID: 4097d0b0c67b712c819c8179db0148db
*** Element info: {Using=xpath, value=//span[@id='nav-link-accountList-nav-line-1' and text()='Hello, sign in']}
	at sun.reflect.NativeConstructorAccessorImpl.newInstance0(Native Method)
	at sun.reflect.NativeConstructorAccessorImpl.newInstance(NativeConstructorAccessorImpl.java:62)
	at sun.reflect.DelegatingConstructorAccessorImpl.newInstance(DelegatingConstructorAccessorImpl.java:45)
	at java.lang.reflect.Constructor.newInstance(Constructor.java:423)
	at org.openqa.selenium.remote.http.W3CHttpResponseCodec.createException(W3CHttpResponseCodec.java:187)
	at org.openqa.selenium.remote.http.W3CHttpResponseCodec.decode(W3CHttpResponseCodec.java:122)
	at org.openqa.selenium.remote.http.W3CHttpResponseCodec.decode(W3CHttpResponseCodec.java:49)
	at org.openqa.selenium.remote.HttpCommandExecutor.execute(HttpCommandExecutor.java:158)
	at org.openqa.selenium.remote.service.DriverCommandExecutor.execute(DriverCommandExecutor.java:83)
	at org.openqa.selenium.remote.RemoteWebDriver.execute(RemoteWebDriver.java:552)
	at org.openqa.selenium.remote.RemoteWebDriver.findElement(RemoteWebDriver.java:323)
	at org.openqa.selenium.remote.RemoteWebDriver.findElementByXPath(RemoteWebDriver.java:428)
	at org.openqa.selenium.By$ByXPath.findElement(By.java:353)
	at org.openqa.selenium.remote.RemoteWebDriver.findElement(RemoteWebDriver.java:315)
	at commonUtilities.GenericMethods.isDisplayed(GenericMethods.java:108)
	at pages.LoginPage.loginWithValidCredentials(LoginPage.java:31)
	at stepdefinitions.Login_Stepdef.userLoggedInWithValidCredentials(Login_Stepdef.java:29)
	at âœ½.user logged in with valid credentials(file:///C:/Users/yunus/eclipse-AutomationProject/AutomationProject/src/test/java/features/login.feature:42)

]]></system-out>
  </testcase>
  <testcase name="runScenario[&quot;teardown&quot;, &quot;Optional[Navigate to Application and login]&quot;](3)" classname="runners.CucumberRunnerLogin" time="17.298">
    <system-out><![CDATA[
@Regression @teardown @login
Scenario: teardown                                 # src/test/java/features/login.feature:45
HOOKS WORK
teardown
  Given user launched browser and navigated to url # stepdefinitions.Home_Stepdef.userLaunchedBrowser()
  And tear down                                    # stepdefinitions.Home_Stepdef.tearDown()
]]></system-out>
    <system-err><![CDATA[[1671423038.624][WARNING]: Timed out connecting to Chrome, retrying...
[1671423046.684][WARNING]: Timed out connecting to Chrome, retrying...
]]></system-err>
  </testcase>
</testsuite>