<?xml version="1.0" encoding="UTF-8"?>
<testsuite xmlns:xsi="http://www.w3.org/2001/XMLSchema-instance" xsi:noNamespaceSchemaLocation="https://maven.apache.org/surefire/maven-surefire-plugin/xsd/surefire-test-report-3.0.xsd" version="3.0" name="TestSuite" time="53.484" tests="5" errors="0" skipped="0" failures="0">
  <properties>
[...]
</properties>
  <testcase name="runScenario[&quot;Navigate to &quot;Best Sellers&quot; module&quot;, &quot;Optional[Navigate to Application and login]&quot;](1)" classname="runners.CucumberRunnerRegression" time="4.146">
    <system-out><![CDATA[
@Regression
Scenario Outline: Navigate to "Best Sellers" module # src/test/java/features/login.feature:32
HOOKS WORK
Navigate to "Best Sellers" module
Edge
  Given user launched browser and navigated to url  # stepdefinitions.Home_Stepdef.userLaunchedBrowser()
  Given user click All button                       # stepdefinitions.Home_Stepdef.userClickOnAllButton()
  Then user click on "Best Sellers" link            # stepdefinitions.Home_Stepdef.thenUserClickOnBestSellersLink(java.lang.String)
]]></system-out>
    <system-err><![CDATA[Starting ChromeDriver 108.0.5359.71 (1e0e3868ee06e91ad636a874420e3ca3ae3756ac-refs/branch-heads/5359@{#1016}) on port 33626
Only local connections are allowed.
Please see https://chromedriver.chromium.org/security-considerations for suggestions on keeping ChromeDriver safe.
ChromeDriver was started successfully.
Dec 19, 2022 2:02:37 PM org.openqa.selenium.remote.ProtocolHandshake createSession
INFO: Detected dialect: W3C
]]></system-err>
  </testcase>
  <testcase name="runScenario[&quot;Navigate to &quot;New Releases&quot; module&quot;, &quot;Optional[Navigate to Application and login]&quot;](2)" classname="runners.CucumberRunnerRegression" time="2.918">
    <system-out><![CDATA[
@Regression
Scenario Outline: Navigate to "New Releases" module # src/test/java/features/login.feature:33
HOOKS WORK
Navigate to "New Releases" module
  Given user launched browser and navigated to url  # stepdefinitions.Home_Stepdef.userLaunchedBrowser()
  Given user click All button                       # stepdefinitions.Home_Stepdef.userClickOnAllButton()
  Then user click on "New Releases" link            # stepdefinitions.Home_Stepdef.thenUserClickOnBestSellersLink(java.lang.String)
]]></system-out>
  </testcase>
  <testcase name="runScenario[&quot;User login with valid credentials&quot;, &quot;Optional[Navigate to Application and login]&quot;](3)" classname="runners.CucumberRunnerRegression" time="23.907">
    <system-out><![CDATA[
@Regression @login
Scenario: User login with valid credentials        # src/test/java/features/login.feature:36
HOOKS WORK
User login with valid credentials
  Given user launched browser and navigated to url # stepdefinitions.Home_Stepdef.userLaunchedBrowser()
  Given user connected to database                 # stepdefinitions.Login_Stepdef.connectToDatabase()
email: testemail4112@gmail.com
password: testpass33
  Given user logged in with valid credentials      # stepdefinitions.Login_Stepdef.userLoggedInWithValidCredentials()
]]></system-out>
  </testcase>
  <testcase name="runScenario[&quot;test&quot;, &quot;Optional[Navigate to Application and login]&quot;](4)" classname="runners.CucumberRunnerRegression" time="20.901">
    <system-out><![CDATA[
@Regression @login
Scenario: test                                     # src/test/java/features/login.feature:41
HOOKS WORK
test
  Given user launched browser and navigated to url # stepdefinitions.Home_Stepdef.userLaunchedBrowser()
  Given user logged in with valid credentials      # stepdefinitions.Login_Stepdef.userLoggedInWithValidCredentials()
]]></system-out>
  </testcase>
  <testcase name="runScenario[&quot;teardown&quot;, &quot;Optional[Navigate to Application and login]&quot;](5)" classname="runners.CucumberRunnerRegression" time="1.09">
    <system-out><![CDATA[
@Regression @teardown @login
Scenario: teardown                                 # src/test/java/features/login.feature:45
HOOKS WORK
teardown
  Given user launched browser and navigated to url # stepdefinitions.Home_Stepdef.userLaunchedBrowser()
  And tear down                                    # stepdefinitions.Home_Stepdef.tearDown()
]]></system-out>
  </testcase>
</testsuite>