<?xml version="1.0" encoding="UTF-8"?>
<testng-results ignored="0" total="3" passed="3" failed="0" skipped="0">
  <reporter-output>
  </reporter-output>
  <suite started-at="2023-01-19T19:49:33 EST" name="Suite" finished-at="2023-01-19T19:49:58 EST" duration-ms="24702">
    <groups>
      <group name="cucumber">
        <method signature="AbstractTestNGCucumberTests.runScenario(io.cucumber.testng.PickleWrapper,io.cucumber.testng.FeatureWrapper)[pri:0, instance:runners.CucumberRunnerReactionTimeTestPage@27462a88]" name="runScenario" class="io.cucumber.testng.AbstractTestNGCucumberTests"/>
      </group> <!-- cucumber -->
    </groups>
    <test started-at="2023-01-19T19:49:33 EST" name="Cucumber Test" finished-at="2023-01-19T19:49:58 EST" duration-ms="24702">
      <class name="runners.CucumberRunnerReactionTimeTestPage">
        <test-method is-config="true" signature="setUpClass()[pri:0, instance:runners.CucumberRunnerReactionTimeTestPage@27462a88]" started-at="2023-01-19T19:49:33 EST" name="setUpClass" finished-at="2023-01-19T19:49:34 EST" duration-ms="254" status="PASS">
          <reporter-output>
          </reporter-output>
        </test-method> <!-- setUpClass -->
        <test-method signature="runScenario(io.cucumber.testng.PickleWrapper,io.cucumber.testng.FeatureWrapper)[pri:0, instance:runners.CucumberRunnerReactionTimeTestPage@27462a88]" started-at="2023-01-19T19:49:34 EST" name="runScenario" description="Runs Cucumber Scenarios" data-provider="scenarios" finished-at="2023-01-19T19:49:41 EST" duration-ms="7519" status="PASS">
          <params>
            <param index="0">
              <value>
                <![CDATA["Complete Reaction Time Test"]]>
              </value>
            </param>
            <param index="1">
              <value>
                <![CDATA["Optional[Reaction Time]"]]>
              </value>
            </param>
          </params>
          <reporter-output>
          </reporter-output>
        </test-method> <!-- runScenario -->
        <test-method signature="runScenario(io.cucumber.testng.PickleWrapper,io.cucumber.testng.FeatureWrapper)[pri:0, instance:runners.CucumberRunnerReactionTimeTestPage@27462a88]" started-at="2023-01-19T19:49:41 EST" name="runScenario" description="Runs Cucumber Scenarios" data-provider="scenarios" finished-at="2023-01-19T19:49:41 EST" duration-ms="344" status="PASS">
          <params>
            <param index="0">
              <value>
                <![CDATA["Validate Clicked Too Soon message"]]>
              </value>
            </param>
            <param index="1">
              <value>
                <![CDATA["Optional[Reaction Time]"]]>
              </value>
            </param>
          </params>
          <reporter-output>
          </reporter-output>
        </test-method> <!-- runScenario -->
        <test-method signature="runScenario(io.cucumber.testng.PickleWrapper,io.cucumber.testng.FeatureWrapper)[pri:0, instance:runners.CucumberRunnerReactionTimeTestPage@27462a88]" started-at="2023-01-19T19:49:41 EST" name="runScenario" description="Runs Cucumber Scenarios" data-provider="scenarios" finished-at="2023-01-19T19:49:58 EST" duration-ms="16555" status="PASS">
          <params>
            <param index="0">
              <value>
                <![CDATA["teardown"]]>
              </value>
            </param>
            <param index="1">
              <value>
                <![CDATA["Optional[Reaction Time]"]]>
              </value>
            </param>
          </params>
          <reporter-output>
          </reporter-output>
        </test-method> <!-- runScenario -->
        <test-method is-config="true" signature="tearDownClass()[pri:0, instance:runners.CucumberRunnerReactionTimeTestPage@27462a88]" started-at="2023-01-19T19:49:58 EST" name="tearDownClass" finished-at="2023-01-19T19:49:58 EST" duration-ms="5" status="PASS">
          <reporter-output>
          </reporter-output>
        </test-method> <!-- tearDownClass -->
      </class> <!-- runners.CucumberRunnerReactionTimeTestPage -->
    </test> <!-- Cucumber Test -->
  </suite> <!-- Suite -->
</testng-results>
