<?xml version="1.0" encoding="UTF-8"?>
<testng-results ignored="0" total="3" passed="3" failed="0" skipped="0">
  <reporter-output>
  </reporter-output>
  <suite started-at="2022-12-11T20:14:30 EST" name="Suite" finished-at="2022-12-11T20:14:53 EST" duration-ms="22592">
    <groups>
      <group name="cucumber">
        <method signature="AbstractTestNGCucumberTests.runScenario(io.cucumber.testng.PickleWrapper,io.cucumber.testng.FeatureWrapper)[pri:0, instance:runners.CucumberRunner@5d0a1059]" name="runScenario" class="io.cucumber.testng.AbstractTestNGCucumberTests"/>
      </group> <!-- cucumber -->
    </groups>
    <test started-at="2022-12-11T20:14:30 EST" name="Cucumber Test" finished-at="2022-12-11T20:14:53 EST" duration-ms="22592">
      <class name="runners.CucumberRunner">
        <test-method is-config="true" signature="setUpClass()[pri:0, instance:runners.CucumberRunner@5d0a1059]" started-at="2022-12-11T20:14:30 EST" name="setUpClass" finished-at="2022-12-11T20:14:31 EST" duration-ms="228" status="PASS">
          <reporter-output>
          </reporter-output>
        </test-method> <!-- setUpClass -->
        <test-method signature="runScenario(io.cucumber.testng.PickleWrapper,io.cucumber.testng.FeatureWrapper)[pri:0, instance:runners.CucumberRunner@5d0a1059]" started-at="2022-12-11T20:14:31 EST" name="runScenario" description="Runs Cucumber Scenarios" data-provider="scenarios" finished-at="2022-12-11T20:14:35 EST" duration-ms="4411" status="PASS">
          <params>
            <param index="0">
              <value>
                <![CDATA["Navigate to "Best Sellers" module"]]>
              </value>
            </param>
            <param index="1">
              <value>
                <![CDATA["Optional[Navigate to Application and login]"]]>
              </value>
            </param>
          </params>
          <reporter-output>
          </reporter-output>
        </test-method> <!-- runScenario -->
        <test-method signature="runScenario(io.cucumber.testng.PickleWrapper,io.cucumber.testng.FeatureWrapper)[pri:0, instance:runners.CucumberRunner@5d0a1059]" started-at="2022-12-11T20:14:35 EST" name="runScenario" description="Runs Cucumber Scenarios" data-provider="scenarios" finished-at="2022-12-11T20:14:37 EST" duration-ms="1551" status="PASS">
          <params>
            <param index="0">
              <value>
                <![CDATA["Navigate to "New Releases" module"]]>
              </value>
            </param>
            <param index="1">
              <value>
                <![CDATA["Optional[Navigate to Application and login]"]]>
              </value>
            </param>
          </params>
          <reporter-output>
          </reporter-output>
        </test-method> <!-- runScenario -->
        <test-method signature="runScenario(io.cucumber.testng.PickleWrapper,io.cucumber.testng.FeatureWrapper)[pri:0, instance:runners.CucumberRunner@5d0a1059]" started-at="2022-12-11T20:14:37 EST" name="runScenario" description="Runs Cucumber Scenarios" data-provider="scenarios" finished-at="2022-12-11T20:14:53 EST" duration-ms="16374" status="PASS">
          <params>
            <param index="0">
              <value>
                <![CDATA["teardown"]]>
              </value>
            </param>
            <param index="1">
              <value>
                <![CDATA["Optional[Navigate to Application and login]"]]>
              </value>
            </param>
          </params>
          <reporter-output>
          </reporter-output>
        </test-method> <!-- runScenario -->
        <test-method is-config="true" signature="tearDownClass()[pri:0, instance:runners.CucumberRunner@5d0a1059]" started-at="2022-12-11T20:14:53 EST" name="tearDownClass" finished-at="2022-12-11T20:14:53 EST" duration-ms="6" status="PASS">
          <reporter-output>
          </reporter-output>
        </test-method> <!-- tearDownClass -->
      </class> <!-- runners.CucumberRunner -->
    </test> <!-- Cucumber Test -->
  </suite> <!-- Suite -->
</testng-results>
