<?xml version="1.0" encoding="UTF-8"?>
<testng-results ignored="0" total="2" passed="2" failed="0" skipped="0">
  <reporter-output>
  </reporter-output>
  <suite started-at="2023-01-25T14:42:25 EST" name="Suite" finished-at="2023-01-25T14:42:47 EST" duration-ms="21658">
    <groups>
      <group name="cucumber">
        <method signature="AbstractTestNGCucumberTests.runScenario(io.cucumber.testng.PickleWrapper,io.cucumber.testng.FeatureWrapper)[pri:0, instance:runners.CucumberRunnerNumberMemory@27462a88]" name="runScenario" class="io.cucumber.testng.AbstractTestNGCucumberTests"/>
      </group> <!-- cucumber -->
    </groups>
    <test started-at="2023-01-25T14:42:25 EST" name="Cucumber Test" finished-at="2023-01-25T14:42:47 EST" duration-ms="21658">
      <class name="runners.CucumberRunnerNumberMemory">
        <test-method is-config="true" signature="setUpClass()[pri:0, instance:runners.CucumberRunnerNumberMemory@27462a88]" started-at="2023-01-25T14:42:25 EST" name="setUpClass" finished-at="2023-01-25T14:42:25 EST" duration-ms="248" status="PASS">
          <reporter-output>
          </reporter-output>
        </test-method> <!-- setUpClass -->
        <test-method signature="runScenario(io.cucumber.testng.PickleWrapper,io.cucumber.testng.FeatureWrapper)[pri:0, instance:runners.CucumberRunnerNumberMemory@27462a88]" started-at="2023-01-25T14:42:25 EST" name="runScenario" description="Runs Cucumber Scenarios" data-provider="scenarios" finished-at="2023-01-25T14:42:30 EST" duration-ms="4727" status="PASS">
          <params>
            <param index="0">
              <value>
                <![CDATA["Fail Number Memory Test and validate"]]>
              </value>
            </param>
            <param index="1">
              <value>
                <![CDATA["Optional[Number Memory]"]]>
              </value>
            </param>
          </params>
          <reporter-output>
          </reporter-output>
        </test-method> <!-- runScenario -->
        <test-method signature="runScenario(io.cucumber.testng.PickleWrapper,io.cucumber.testng.FeatureWrapper)[pri:0, instance:runners.CucumberRunnerNumberMemory@27462a88]" started-at="2023-01-25T14:42:30 EST" name="runScenario" description="Runs Cucumber Scenarios" data-provider="scenarios" finished-at="2023-01-25T14:42:47 EST" duration-ms="16652" status="PASS">
          <params>
            <param index="0">
              <value>
                <![CDATA["teardown"]]>
              </value>
            </param>
            <param index="1">
              <value>
                <![CDATA["Optional[Number Memory]"]]>
              </value>
            </param>
          </params>
          <reporter-output>
          </reporter-output>
        </test-method> <!-- runScenario -->
        <test-method is-config="true" signature="tearDownClass()[pri:0, instance:runners.CucumberRunnerNumberMemory@27462a88]" started-at="2023-01-25T14:42:47 EST" name="tearDownClass" finished-at="2023-01-25T14:42:47 EST" duration-ms="5" status="PASS">
          <reporter-output>
          </reporter-output>
        </test-method> <!-- tearDownClass -->
      </class> <!-- runners.CucumberRunnerNumberMemory -->
    </test> <!-- Cucumber Test -->
  </suite> <!-- Suite -->
</testng-results>
