<?xml version="1.0" encoding="UTF-8"?>
<testng-results ignored="0" total="2" passed="1" failed="1" skipped="0">
  <reporter-output>
  </reporter-output>
  <suite started-at="2023-01-08T20:55:43 EST" name="Suite" finished-at="2023-01-08T20:56:36 EST" duration-ms="52571">
    <groups>
      <group name="cucumber">
        <method signature="AbstractTestNGCucumberTests.runScenario(io.cucumber.testng.PickleWrapper,io.cucumber.testng.FeatureWrapper)[pri:0, instance:runners.CucumberRunner@27462a88]" name="runScenario" class="io.cucumber.testng.AbstractTestNGCucumberTests"/>
      </group> <!-- cucumber -->
    </groups>
    <test started-at="2023-01-08T20:55:43 EST" name="Cucumber Test" finished-at="2023-01-08T20:56:36 EST" duration-ms="52571">
      <class name="runners.CucumberRunner">
        <test-method is-config="true" signature="setUpClass()[pri:0, instance:runners.CucumberRunner@27462a88]" started-at="2023-01-08T20:55:43 EST" name="setUpClass" finished-at="2023-01-08T20:55:43 EST" duration-ms="262" status="PASS">
          <reporter-output>
          </reporter-output>
        </test-method> <!-- setUpClass -->
        <test-method signature="runScenario(io.cucumber.testng.PickleWrapper,io.cucumber.testng.FeatureWrapper)[pri:0, instance:runners.CucumberRunner@27462a88]" started-at="2023-01-08T20:55:43 EST" name="runScenario" description="Runs Cucumber Scenarios" data-provider="scenarios" finished-at="2023-01-08T20:56:34 EST" duration-ms="50536" status="FAIL">
          <params>
            <param index="0">
              <value>
                <![CDATA["Validate Back-to-top button functionality"]]>
              </value>
            </param>
            <param index="1">
              <value>
                <![CDATA["Optional[Navigate to Application and login]"]]>
              </value>
            </param>
          </params>
          <exception class="java.lang.AssertionError">
            <message>
              <![CDATA[expected [true] but found [false]]]>
            </message>
            <full-stacktrace>
              <![CDATA[java.lang.AssertionError: expected [true] but found [false]
at org.testng.Assert.fail(Assert.java:99)
at org.testng.Assert.failNotEquals(Assert.java:1037)
at org.testng.Assert.assertTrue(Assert.java:45)
at org.testng.Assert.assertTrue(Assert.java:55)
at commonUtilities.Screenshot.logFail(Screenshot.java:40)
at commonUtilities.GenericMethods.isDisplayed(GenericMethods.java:75)
at pages.HomePage.clickOnBackToTopButton(HomePage.java:45)
at stepdefinitions.Home_Stepdef.userScrollToBack_To_Top_ButtonAndClickAndValidate(Home_Stepdef.java:46)
at ✽.user scroll to Back-to-top button and click and validate(file:///C:/Users/yunus/eclipse-AutomationProject/AutomationProject/src/test/java/features/login.feature:49)
]]>
            </full-stacktrace>
          </exception> <!-- java.lang.AssertionError -->
          <reporter-output>
          </reporter-output>
        </test-method> <!-- runScenario -->
        <test-method signature="runScenario(io.cucumber.testng.PickleWrapper,io.cucumber.testng.FeatureWrapper)[pri:0, instance:runners.CucumberRunner@27462a88]" started-at="2023-01-08T20:56:34 EST" name="runScenario" description="Runs Cucumber Scenarios" data-provider="scenarios" finished-at="2023-01-08T20:56:36 EST" duration-ms="1741" status="PASS">
          <params>
            <param index="0">
              <value>
                <![CDATA["teardown"]]>
              </value>
            </param>
            <param index="1">
              <value>
                <![CDATA["Optional[Navigate to Application and login]"]]>
              </value>
            </param>
          </params>
          <reporter-output>
          </reporter-output>
        </test-method> <!-- runScenario -->
        <test-method is-config="true" signature="tearDownClass()[pri:0, instance:runners.CucumberRunner@27462a88]" started-at="2023-01-08T20:56:36 EST" name="tearDownClass" finished-at="2023-01-08T20:56:36 EST" duration-ms="7" status="PASS">
          <reporter-output>
          </reporter-output>
        </test-method> <!-- tearDownClass -->
      </class> <!-- runners.CucumberRunner -->
    </test> <!-- Cucumber Test -->
  </suite> <!-- Suite -->
</testng-results>
