<?xml version="1.0" encoding="UTF-8"?>
<testng-results ignored="0" total="4" passed="4" failed="0" skipped="0">
  <reporter-output>
  </reporter-output>
  <suite started-at="2023-01-28T21:56:48 EST" name="Suite" finished-at="2023-01-28T21:57:02 EST" duration-ms="13476">
    <groups>
      <group name="cucumber">
        <method signature="AbstractTestNGCucumberTests.runScenario(io.cucumber.testng.PickleWrapper,io.cucumber.testng.FeatureWrapper)[pri:0, instance:runners.CucumberRunnerVerbalMemory@27462a88]" name="runScenario" class="io.cucumber.testng.AbstractTestNGCucumberTests"/>
      </group> <!-- cucumber -->
    </groups>
    <test started-at="2023-01-28T21:56:48 EST" name="Cucumber Test" finished-at="2023-01-28T21:57:02 EST" duration-ms="13476">
      <class name="runners.CucumberRunnerVerbalMemory">
        <test-method is-config="true" signature="setUpClass()[pri:0, instance:runners.CucumberRunnerVerbalMemory@27462a88]" started-at="2023-01-28T21:56:48 EST" name="setUpClass" finished-at="2023-01-28T21:56:49 EST" duration-ms="240" status="PASS">
          <reporter-output>
          </reporter-output>
        </test-method> <!-- setUpClass -->
        <test-method signature="runScenario(io.cucumber.testng.PickleWrapper,io.cucumber.testng.FeatureWrapper)[pri:0, instance:runners.CucumberRunnerVerbalMemory@27462a88]" started-at="2023-01-28T21:56:49 EST" name="runScenario" description="Runs Cucumber Scenarios" data-provider="scenarios" finished-at="2023-01-28T21:56:50 EST" duration-ms="1676" status="PASS">
          <params>
            <param index="0">
              <value>
                <![CDATA["Start Verbal Memory Test"]]>
              </value>
            </param>
            <param index="1">
              <value>
                <![CDATA["Optional[Verbal Memory]"]]>
              </value>
            </param>
          </params>
          <reporter-output>
          </reporter-output>
        </test-method> <!-- runScenario -->
        <test-method signature="runScenario(io.cucumber.testng.PickleWrapper,io.cucumber.testng.FeatureWrapper)[pri:0, instance:runners.CucumberRunnerVerbalMemory@27462a88]" started-at="2023-01-28T21:56:50 EST" name="runScenario" description="Runs Cucumber Scenarios" data-provider="scenarios" finished-at="2023-01-28T21:56:55 EST" duration-ms="4748" status="PASS">
          <params>
            <param index="0">
              <value>
                <![CDATA["Complete Verbal Memory Test"]]>
              </value>
            </param>
            <param index="1">
              <value>
                <![CDATA["Optional[Verbal Memory]"]]>
              </value>
            </param>
          </params>
          <reporter-output>
          </reporter-output>
        </test-method> <!-- runScenario -->
        <test-method signature="runScenario(io.cucumber.testng.PickleWrapper,io.cucumber.testng.FeatureWrapper)[pri:0, instance:runners.CucumberRunnerVerbalMemory@27462a88]" started-at="2023-01-28T21:56:55 EST" name="runScenario" description="Runs Cucumber Scenarios" data-provider="scenarios" finished-at="2023-01-28T21:57:01 EST" duration-ms="6442" status="PASS">
          <params>
            <param index="0">
              <value>
                <![CDATA["Start then fail Verbal Memory Test"]]>
              </value>
            </param>
            <param index="1">
              <value>
                <![CDATA["Optional[Verbal Memory]"]]>
              </value>
            </param>
          </params>
          <reporter-output>
          </reporter-output>
        </test-method> <!-- runScenario -->
        <test-method signature="runScenario(io.cucumber.testng.PickleWrapper,io.cucumber.testng.FeatureWrapper)[pri:0, instance:runners.CucumberRunnerVerbalMemory@27462a88]" started-at="2023-01-28T21:57:01 EST" name="runScenario" description="Runs Cucumber Scenarios" data-provider="scenarios" finished-at="2023-01-28T21:57:02 EST" duration-ms="342" status="PASS">
          <params>
            <param index="0">
              <value>
                <![CDATA["teardown"]]>
              </value>
            </param>
            <param index="1">
              <value>
                <![CDATA["Optional[Verbal Memory]"]]>
              </value>
            </param>
          </params>
          <reporter-output>
          </reporter-output>
        </test-method> <!-- runScenario -->
        <test-method is-config="true" signature="tearDownClass()[pri:0, instance:runners.CucumberRunnerVerbalMemory@27462a88]" started-at="2023-01-28T21:57:02 EST" name="tearDownClass" finished-at="2023-01-28T21:57:02 EST" duration-ms="5" status="PASS">
          <reporter-output>
          </reporter-output>
        </test-method> <!-- tearDownClass -->
      </class> <!-- runners.CucumberRunnerVerbalMemory -->
    </test> <!-- Cucumber Test -->
  </suite> <!-- Suite -->
</testng-results>
