<?xml version="1.0" encoding="UTF-8"?>
<testng-results ignored="0" total="2" passed="2" failed="0" skipped="0">
  <reporter-output>
  </reporter-output>
  <suite started-at="2023-01-24T22:34:29 EST" name="Suite" finished-at="2023-01-24T22:36:03 EST" duration-ms="94285">
    <groups>
      <group name="cucumber">
        <method signature="AbstractTestNGCucumberTests.runScenario(io.cucumber.testng.PickleWrapper,io.cucumber.testng.FeatureWrapper)[pri:0, instance:runners.CucumberRunnerSequenceMemory@27462a88]" name="runScenario" class="io.cucumber.testng.AbstractTestNGCucumberTests"/>
      </group> <!-- cucumber -->
    </groups>
    <test started-at="2023-01-24T22:34:29 EST" name="Cucumber Test" finished-at="2023-01-24T22:36:03 EST" duration-ms="94285">
      <class name="runners.CucumberRunnerSequenceMemory">
        <test-method is-config="true" signature="setUpClass()[pri:0, instance:runners.CucumberRunnerSequenceMemory@27462a88]" started-at="2023-01-24T22:34:29 EST" name="setUpClass" finished-at="2023-01-24T22:34:29 EST" duration-ms="255" status="PASS">
          <reporter-output>
          </reporter-output>
        </test-method> <!-- setUpClass -->
        <test-method signature="runScenario(io.cucumber.testng.PickleWrapper,io.cucumber.testng.FeatureWrapper)[pri:0, instance:runners.CucumberRunnerSequenceMemory@27462a88]" started-at="2023-01-24T22:34:29 EST" name="runScenario" description="Runs Cucumber Scenarios" data-provider="scenarios" finished-at="2023-01-24T22:35:27 EST" duration-ms="57180" status="PASS">
          <params>
            <param index="0">
              <value>
                <![CDATA["Complete Sequence Memory Test"]]>
              </value>
            </param>
            <param index="1">
              <value>
                <![CDATA["Optional[Sequence Memory]"]]>
              </value>
            </param>
          </params>
          <reporter-output>
          </reporter-output>
        </test-method> <!-- runScenario -->
        <test-method signature="runScenario(io.cucumber.testng.PickleWrapper,io.cucumber.testng.FeatureWrapper)[pri:0, instance:runners.CucumberRunnerSequenceMemory@27462a88]" started-at="2023-01-24T22:35:27 EST" name="runScenario" description="Runs Cucumber Scenarios" data-provider="scenarios" finished-at="2023-01-24T22:36:03 EST" duration-ms="36823" status="PASS">
          <params>
            <param index="0">
              <value>
                <![CDATA["teardown"]]>
              </value>
            </param>
            <param index="1">
              <value>
                <![CDATA["Optional[Sequence Memory]"]]>
              </value>
            </param>
          </params>
          <reporter-output>
          </reporter-output>
        </test-method> <!-- runScenario -->
        <test-method is-config="true" signature="tearDownClass()[pri:0, instance:runners.CucumberRunnerSequenceMemory@27462a88]" started-at="2023-01-24T22:36:03 EST" name="tearDownClass" finished-at="2023-01-24T22:36:03 EST" duration-ms="5" status="PASS">
          <reporter-output>
          </reporter-output>
        </test-method> <!-- tearDownClass -->
      </class> <!-- runners.CucumberRunnerSequenceMemory -->
    </test> <!-- Cucumber Test -->
  </suite> <!-- Suite -->
</testng-results>
