<?xml version="1.0" encoding="UTF-8"?>
<testng-results ignored="0" total="2" passed="1" failed="1" skipped="0">
  <reporter-output>
  </reporter-output>
  <suite started-at="2023-07-03T12:24:49 EDT" name="Suite" finished-at="2023-07-03T12:25:14 EDT" duration-ms="24852">
    <groups>
      <group name="cucumber">
        <method signature="AbstractTestNGCucumberTests.runScenario(io.cucumber.testng.PickleWrapper,io.cucumber.testng.FeatureWrapper)[pri:0, instance:runners.CucumberRunnerAimTrainer@27462a88]" name="runScenario" class="io.cucumber.testng.AbstractTestNGCucumberTests"/>
      </group> <!-- cucumber -->
    </groups>
    <test started-at="2023-07-03T12:24:49 EDT" name="Cucumber Test" finished-at="2023-07-03T12:25:14 EDT" duration-ms="24852">
      <class name="runners.CucumberRunnerAimTrainer">
        <test-method is-config="true" signature="setUpClass()[pri:0, instance:runners.CucumberRunnerAimTrainer@27462a88]" started-at="2023-07-03T12:24:49 EDT" name="setUpClass" finished-at="2023-07-03T12:24:50 EDT" duration-ms="250" status="PASS">
          <reporter-output>
          </reporter-output>
        </test-method> <!-- setUpClass -->
        <test-method signature="runScenario(io.cucumber.testng.PickleWrapper,io.cucumber.testng.FeatureWrapper)[pri:0, instance:runners.CucumberRunnerAimTrainer@27462a88]" started-at="2023-07-03T12:24:50 EDT" name="runScenario" description="Runs Cucumber Scenarios" data-provider="scenarios" finished-at="2023-07-03T12:24:54 EDT" duration-ms="3966" status="FAIL">
          <params>
            <param index="0">
              <value>
                <![CDATA["Complete Aim Trainer test"]]>
              </value>
            </param>
            <param index="1">
              <value>
                <![CDATA["Optional[Aim Trainer]"]]>
              </value>
            </param>
          </params>
          <exception class="java.lang.AssertionError">
            <message>
              <![CDATA[expected [true] but found [false]]]>
            </message>
            <full-stacktrace>
              <![CDATA[java.lang.AssertionError: expected [true] but found [false]
at org.testng.Assert.fail(Assert.java:99)
at org.testng.Assert.failNotEquals(Assert.java:1037)
at org.testng.Assert.assertTrue(Assert.java:45)
at org.testng.Assert.assertTrue(Assert.java:55)
at commonUtilities.Screenshot.logFail(Screenshot.java:40)
at commonUtilities.GenericMethods.clickElement(GenericMethods.java:40)
at pages.HomePage.navigateToHomePage(HomePage.java:81)
at stepdefinitions.Home_Stepdef.userNavigateToHomePage(Home_Stepdef.java:36)
at ✽.user navigates to home page(file:///C:/Users/yunus/git/HumanBenchMarkAutomation/src/test/java/features/aim_trainer.feature:28)
]]>
            </full-stacktrace>
          </exception> <!-- java.lang.AssertionError -->
          <reporter-output>
          </reporter-output>
        </test-method> <!-- runScenario -->
        <test-method signature="runScenario(io.cucumber.testng.PickleWrapper,io.cucumber.testng.FeatureWrapper)[pri:0, instance:runners.CucumberRunnerAimTrainer@27462a88]" started-at="2023-07-03T12:24:54 EDT" name="runScenario" description="Runs Cucumber Scenarios" data-provider="scenarios" finished-at="2023-07-03T12:25:14 EDT" duration-ms="20607" status="PASS">
          <params>
            <param index="0">
              <value>
                <![CDATA["teardown"]]>
              </value>
            </param>
            <param index="1">
              <value>
                <![CDATA["Optional[Aim Trainer]"]]>
              </value>
            </param>
          </params>
          <reporter-output>
          </reporter-output>
        </test-method> <!-- runScenario -->
        <test-method is-config="true" signature="tearDownClass()[pri:0, instance:runners.CucumberRunnerAimTrainer@27462a88]" started-at="2023-07-03T12:25:14 EDT" name="tearDownClass" finished-at="2023-07-03T12:25:14 EDT" duration-ms="6" status="PASS">
          <reporter-output>
          </reporter-output>
        </test-method> <!-- tearDownClass -->
      </class> <!-- runners.CucumberRunnerAimTrainer -->
    </test> <!-- Cucumber Test -->
  </suite> <!-- Suite -->
</testng-results>
