<?xml version="1.0" encoding="UTF-8"?>
<testng-results ignored="0" total="2" passed="2" failed="0" skipped="0">
  <reporter-output>
  </reporter-output>
  <suite started-at="2023-07-03T22:22:28 EDT" name="Suite" finished-at="2023-07-03T22:22:57 EDT" duration-ms="28887">
    <groups>
      <group name="cucumber">
        <method signature="AbstractTestNGCucumberTests.runScenario(io.cucumber.testng.PickleWrapper,io.cucumber.testng.FeatureWrapper)[pri:0, instance:runners.CucumberRunnerTypingTest@27462a88]" name="runScenario" class="io.cucumber.testng.AbstractTestNGCucumberTests"/>
      </group> <!-- cucumber -->
    </groups>
    <test started-at="2023-07-03T22:22:28 EDT" name="Cucumber Test" finished-at="2023-07-03T22:22:57 EDT" duration-ms="28887">
      <class name="runners.CucumberRunnerTypingTest">
        <test-method is-config="true" signature="setUpClass()[pri:0, instance:runners.CucumberRunnerTypingTest@27462a88]" started-at="2023-07-03T22:22:28 EDT" name="setUpClass" finished-at="2023-07-03T22:22:28 EDT" duration-ms="255" status="PASS">
          <reporter-output>
          </reporter-output>
        </test-method> <!-- setUpClass -->
        <test-method signature="runScenario(io.cucumber.testng.PickleWrapper,io.cucumber.testng.FeatureWrapper)[pri:0, instance:runners.CucumberRunnerTypingTest@27462a88]" started-at="2023-07-03T22:22:28 EDT" name="runScenario" description="Runs Cucumber Scenarios" data-provider="scenarios" finished-at="2023-07-03T22:22:36 EDT" duration-ms="8075" status="PASS">
          <params>
            <param index="0">
              <value>
                <![CDATA["Complete Typing Test"]]>
              </value>
            </param>
            <param index="1">
              <value>
                <![CDATA["Optional[Typing Test]"]]>
              </value>
            </param>
          </params>
          <reporter-output>
          </reporter-output>
        </test-method> <!-- runScenario -->
        <test-method signature="runScenario(io.cucumber.testng.PickleWrapper,io.cucumber.testng.FeatureWrapper)[pri:0, instance:runners.CucumberRunnerTypingTest@27462a88]" started-at="2023-07-03T22:22:36 EDT" name="runScenario" description="Runs Cucumber Scenarios" data-provider="scenarios" finished-at="2023-07-03T22:22:57 EDT" duration-ms="20530" status="PASS">
          <params>
            <param index="0">
              <value>
                <![CDATA["teardown"]]>
              </value>
            </param>
            <param index="1">
              <value>
                <![CDATA["Optional[Typing Test]"]]>
              </value>
            </param>
          </params>
          <reporter-output>
          </reporter-output>
        </test-method> <!-- runScenario -->
        <test-method is-config="true" signature="tearDownClass()[pri:0, instance:runners.CucumberRunnerTypingTest@27462a88]" started-at="2023-07-03T22:22:57 EDT" name="tearDownClass" finished-at="2023-07-03T22:22:57 EDT" duration-ms="6" status="PASS">
          <reporter-output>
          </reporter-output>
        </test-method> <!-- tearDownClass -->
      </class> <!-- runners.CucumberRunnerTypingTest -->
    </test> <!-- Cucumber Test -->
  </suite> <!-- Suite -->
</testng-results>
