<?xml version="1.0" encoding="UTF-8"?>
<testng-results ignored="0" total="4" passed="4" failed="0" skipped="0">
  <reporter-output>
  </reporter-output>
  <suite started-at="2022-12-14T00:32:24 EST" name="Suite" finished-at="2022-12-14T00:33:12 EST" duration-ms="47836">
    <groups>
      <group name="cucumber">
        <method signature="AbstractTestNGCucumberTests.runScenario(io.cucumber.testng.PickleWrapper,io.cucumber.testng.FeatureWrapper)[pri:0, instance:runners.CucumberRunner@7c711375]" name="runScenario" class="io.cucumber.testng.AbstractTestNGCucumberTests"/>
      </group> <!-- cucumber -->
    </groups>
    <test started-at="2022-12-14T00:32:24 EST" name="Cucumber Test" finished-at="2022-12-14T00:33:12 EST" duration-ms="47836">
      <class name="runners.CucumberRunner">
        <test-method is-config="true" signature="setUpClass()[pri:0, instance:runners.CucumberRunner@7c711375]" started-at="2022-12-14T00:32:24 EST" name="setUpClass" finished-at="2022-12-14T00:32:24 EST" duration-ms="235" status="PASS">
          <reporter-output>
          </reporter-output>
        </test-method> <!-- setUpClass -->
        <test-method signature="runScenario(io.cucumber.testng.PickleWrapper,io.cucumber.testng.FeatureWrapper)[pri:0, instance:runners.CucumberRunner@7c711375]" started-at="2022-12-14T00:32:24 EST" name="runScenario" description="Runs Cucumber Scenarios" data-provider="scenarios" finished-at="2022-12-14T00:32:28 EST" duration-ms="4077" status="PASS">
          <params>
            <param index="0">
              <value>
                <![CDATA["Navigate to "Best Sellers" module"]]>
              </value>
            </param>
            <param index="1">
              <value>
                <![CDATA["Optional[Navigate to Application and login]"]]>
              </value>
            </param>
          </params>
          <reporter-output>
          </reporter-output>
        </test-method> <!-- runScenario -->
        <test-method signature="runScenario(io.cucumber.testng.PickleWrapper,io.cucumber.testng.FeatureWrapper)[pri:0, instance:runners.CucumberRunner@7c711375]" started-at="2022-12-14T00:32:28 EST" name="runScenario" description="Runs Cucumber Scenarios" data-provider="scenarios" finished-at="2022-12-14T00:32:31 EST" duration-ms="2462" status="PASS">
          <params>
            <param index="0">
              <value>
                <![CDATA["Navigate to "New Releases" module"]]>
              </value>
            </param>
            <param index="1">
              <value>
                <![CDATA["Optional[Navigate to Application and login]"]]>
              </value>
            </param>
          </params>
          <reporter-output>
          </reporter-output>
        </test-method> <!-- runScenario -->
        <test-method signature="runScenario(io.cucumber.testng.PickleWrapper,io.cucumber.testng.FeatureWrapper)[pri:0, instance:runners.CucumberRunner@7c711375]" started-at="2022-12-14T00:32:31 EST" name="runScenario" description="Runs Cucumber Scenarios" data-provider="scenarios" finished-at="2022-12-14T00:32:55 EST" duration-ms="23877" status="PASS">
          <params>
            <param index="0">
              <value>
                <![CDATA["Login with valid credentials"]]>
              </value>
            </param>
            <param index="1">
              <value>
                <![CDATA["Optional[Navigate to Application and login]"]]>
              </value>
            </param>
          </params>
          <reporter-output>
          </reporter-output>
        </test-method> <!-- runScenario -->
        <test-method signature="runScenario(io.cucumber.testng.PickleWrapper,io.cucumber.testng.FeatureWrapper)[pri:0, instance:runners.CucumberRunner@7c711375]" started-at="2022-12-14T00:32:55 EST" name="runScenario" description="Runs Cucumber Scenarios" data-provider="scenarios" finished-at="2022-12-14T00:33:12 EST" duration-ms="17157" status="PASS">
          <params>
            <param index="0">
              <value>
                <![CDATA["teardown"]]>
              </value>
            </param>
            <param index="1">
              <value>
                <![CDATA["Optional[Navigate to Application and login]"]]>
              </value>
            </param>
          </params>
          <reporter-output>
          </reporter-output>
        </test-method> <!-- runScenario -->
        <test-method is-config="true" signature="tearDownClass()[pri:0, instance:runners.CucumberRunner@7c711375]" started-at="2022-12-14T00:33:12 EST" name="tearDownClass" finished-at="2022-12-14T00:33:12 EST" duration-ms="4" status="PASS">
          <reporter-output>
          </reporter-output>
        </test-method> <!-- tearDownClass -->
      </class> <!-- runners.CucumberRunner -->
    </test> <!-- Cucumber Test -->
  </suite> <!-- Suite -->
</testng-results>
