<?xml version="1.0" encoding="UTF-8"?>
<!-- Generated by org.testng.reporters.JUnitReportReporter -->
<testsuite hostname="DESKTOP-F19DPLC" failures="1" tests="2" name="runners.CucumberRunner" time="9.774" errors="0" timestamp="2022-12-11T00:37:51 EST" skipped="0">
  <testcase classname="runners.CucumberRunner" name="runScenario" time="9.606">
    <failure message="expected [true] but found [false]" type="java.lang.AssertionError">
      <![CDATA[java.lang.AssertionError: expected [true] but found [false]
at org.testng.Assert.fail(Assert.java:99)
at org.testng.Assert.failNotEquals(Assert.java:1037)
at org.testng.Assert.assertTrue(Assert.java:45)
at org.testng.Assert.assertTrue(Assert.java:55)
at commonUtilities.GenericMethods.isDisplayed(GenericMethods.java:79)
at pages.HomePage.clickOnBestSellersLink(HomePage.java:30)
at stepdefinitions.Home_Stepdef.thenUserClickOnBestSellersLink(Home_Stepdef.java:35)
at ✽.user click on Best Sellers link(file:///C:/Users/yunus/eclipse-AutomationProject/AutomationProject/src/test/java/features/login.feature:32)
]]>
    </failure>
  </testcase> <!-- runScenario -->
  <system-out/>
  <testcase classname="runners.CucumberRunner" name="runScenario" time="0.168"/>
  <system-out/>
</testsuite> <!-- runners.CucumberRunner -->
